Build started 05/08/2015 03:52:27.
     1>Project "E:\Users\Tom\Documents\GitHub\3D_GLFW_Renderer\3DRenderer\3DRenderer.vcxproj" on node 2 (Build target(s)).
     1>ClCompile:
         C:\Program Files (x86)\Microsoft Visual Studio 12.0\VC\bin\CL.exe /c /IE:\Users\Tom\Documents\GitHub\3D_GLFW_Renderer\\glm /ZI /nologo /W3 /WX- /sdl /Od /Oy- /D WIN32 /D _DEBUG /D _CONSOLE /D _LIB /D _UNICODE /D UNICODE /Gm /EHsc /RTC1 /MDd /GS /fp:precise /Zc:wchar_t /Zc:forScope /Yu"stdafx.h" /Fp"Debug\3DRenderer.pch" /Fo"Debug\\" /Fd"Debug\vc120.pdb" /Gd /TP /analyze- /errorReport:prompt 3DRenderer.cpp Island_Utils.cpp
         Island_Utils.cpp
     1>e:\users\tom\documents\github\3d_glfw_renderer\3drenderer\island_utils.cpp(133): warning C4244: 'initializing' : conversion from 'float' to 'int', possible loss of data
     1>e:\users\tom\documents\github\3d_glfw_renderer\3drenderer\island_utils.cpp(380): warning C4244: '=' : conversion from 'double' to 'int', possible loss of data
         Generating Code...
         Compiling...
         3DRenderer.cpp
     1>e:\users\tom\documents\github\3d_glfw_renderer\3drenderer\3drenderer.cpp(143): warning C4018: '<' : signed/unsigned mismatch
     1>e:\users\tom\documents\github\3d_glfw_renderer\3drenderer\3drenderer.cpp(145): warning C4018: '<' : signed/unsigned mismatch
     1>e:\users\tom\documents\github\3d_glfw_renderer\3drenderer\3drenderer.cpp(155): warning C4244: '=' : conversion from 'double' to 'float', possible loss of data
     1>e:\users\tom\documents\github\3d_glfw_renderer\3drenderer\3drenderer.cpp(156): warning C4244: '=' : conversion from 'double' to 'float', possible loss of data
     1>e:\users\tom\documents\github\3d_glfw_renderer\3drenderer\3drenderer.cpp(157): warning C4244: '=' : conversion from 'double' to 'float', possible loss of data
     1>e:\users\tom\documents\github\3d_glfw_renderer\3drenderer\3drenderer.cpp(164): warning C4244: '=' : conversion from 'double' to 'float', possible loss of data
     1>e:\users\tom\documents\github\3d_glfw_renderer\3drenderer\3drenderer.cpp(165): warning C4244: '=' : conversion from 'double' to 'float', possible loss of data
     1>e:\users\tom\documents\github\3d_glfw_renderer\3drenderer\3drenderer.cpp(167): warning C4018: '<' : signed/unsigned mismatch
     1>e:\users\tom\documents\github\3d_glfw_renderer\3drenderer\3drenderer.cpp(169): warning C4244: '=' : conversion from 'double' to 'float', possible loss of data
     1>e:\users\tom\documents\github\3d_glfw_renderer\3drenderer\3drenderer.cpp(174): warning C4244: '=' : conversion from 'double' to 'float', possible loss of data
     1>e:\users\tom\documents\github\3d_glfw_renderer\3drenderer\3drenderer.cpp(182): warning C4244: '=' : conversion from 'double' to 'float', possible loss of data
     1>e:\users\tom\documents\github\3d_glfw_renderer\3drenderer\3drenderer.cpp(183): warning C4244: '=' : conversion from 'double' to 'float', possible loss of data
     1>e:\users\tom\documents\github\3d_glfw_renderer\3drenderer\3drenderer.cpp(185): warning C4018: '<' : signed/unsigned mismatch
     1>e:\users\tom\documents\github\3d_glfw_renderer\3drenderer\3drenderer.cpp(187): warning C4244: '=' : conversion from 'double' to 'float', possible loss of data
     1>e:\users\tom\documents\github\3d_glfw_renderer\3drenderer\3drenderer.cpp(191): warning C4244: '=' : conversion from 'double' to 'float', possible loss of data
     1>e:\users\tom\documents\github\3d_glfw_renderer\3drenderer\3drenderer.cpp(199): warning C4244: '=' : conversion from 'double' to 'float', possible loss of data
     1>e:\users\tom\documents\github\3d_glfw_renderer\3drenderer\3drenderer.cpp(200): warning C4244: '=' : conversion from 'double' to 'float', possible loss of data
     1>e:\users\tom\documents\github\3d_glfw_renderer\3drenderer\3drenderer.cpp(202): warning C4018: '<' : signed/unsigned mismatch
     1>e:\users\tom\documents\github\3d_glfw_renderer\3drenderer\3drenderer.cpp(204): warning C4244: '=' : conversion from 'double' to 'float', possible loss of data
     1>e:\users\tom\documents\github\3d_glfw_renderer\3drenderer\3drenderer.cpp(208): warning C4244: '=' : conversion from 'double' to 'float', possible loss of data
     1>e:\users\tom\documents\github\3d_glfw_renderer\3drenderer\3drenderer.cpp(363): warning C4101: 'msg' : unreferenced local variable
         Generating Code...
       Link:
         C:\Program Files (x86)\Microsoft Visual Studio 12.0\VC\bin\link.exe /ERRORREPORT:PROMPT /OUT:"E:\Users\Tom\Documents\GitHub\3D_GLFW_Renderer\Debug\3DRenderer.exe" /INCREMENTAL /NOLOGO opengl32.lib glu32.lib glfw3.lib glew32.lib kernel32.lib user32.lib gdi32.lib winspool.lib comdlg32.lib advapi32.lib shell32.lib ole32.lib oleaut32.lib uuid.lib odbc32.lib odbccp32.lib /MANIFEST /MANIFESTUAC:"level='asInvoker' uiAccess='false'" /manifest:embed /DEBUG /PDB:"E:\Users\Tom\Documents\GitHub\3D_GLFW_Renderer\Debug\3DRenderer.pdb" /SUBSYSTEM:CONSOLE /TLBID:1 /DYNAMICBASE /NXCOMPAT /IMPLIB:"E:\Users\Tom\Documents\GitHub\3D_GLFW_Renderer\Debug\3DRenderer.lib" /MACHINE:X86 Debug\3DRenderer.obj
         Debug\EasyBMP.obj
         Debug\Fractal_Creator.obj
         Debug\InputHandler.obj
         Debug\Island_Utils.obj
         Debug\LoadShader.obj
         Debug\Logger.obj
         Debug\stdafx.obj
         Debug\Util.obj
         3DRenderer.vcxproj -> E:\Users\Tom\Documents\GitHub\3D_GLFW_Renderer\Debug\3DRenderer.exe
     1>Done Building Project "E:\Users\Tom\Documents\GitHub\3D_GLFW_Renderer\3DRenderer\3DRenderer.vcxproj" (Build target(s)).

Build succeeded.

Time Elapsed 00:00:06.99
