e:\users\tom\documents\github\3d_glfw_renderer\3drenderer\debug\3drenderer.pch
e:\users\tom\documents\github\3d_glfw_renderer\3drenderer\debug\vc120.pdb
e:\users\tom\documents\github\3d_glfw_renderer\3drenderer\debug\vc120.idb
e:\users\tom\documents\github\3d_glfw_renderer\3drenderer\debug\stdafx.obj
e:\users\tom\documents\github\3d_glfw_renderer\3drenderer\debug\3drenderer.obj
e:\users\tom\documents\github\3d_glfw_renderer\3drenderer\debug\easybmp.obj
e:\users\tom\documents\github\3d_glfw_renderer\3drenderer\debug\fractal_creator.obj
e:\users\tom\documents\github\3d_glfw_renderer\3drenderer\debug\inputhandler.obj
e:\users\tom\documents\github\3d_glfw_renderer\3drenderer\debug\island_utils.obj
e:\users\tom\documents\github\3d_glfw_renderer\3drenderer\debug\loadshader.obj
e:\users\tom\documents\github\3d_glfw_renderer\3drenderer\debug\logger.obj
e:\users\tom\documents\github\3d_glfw_renderer\3drenderer\debug\util.obj
e:\users\tom\documents\github\3d_glfw_renderer\debug\3drenderer.ilk
e:\users\tom\documents\github\3d_glfw_renderer\debug\3drenderer.exe
e:\users\tom\documents\github\3d_glfw_renderer\debug\3drenderer.pdb
e:\users\tom\documents\github\3d_glfw_renderer\3drenderer\debug\3drenderer.tlog\cl.command.1.tlog
e:\users\tom\documents\github\3d_glfw_renderer\3drenderer\debug\3drenderer.tlog\cl.read.1.tlog
e:\users\tom\documents\github\3d_glfw_renderer\3drenderer\debug\3drenderer.tlog\cl.write.1.tlog
e:\users\tom\documents\github\3d_glfw_renderer\3drenderer\debug\3drenderer.tlog\link.command.1.tlog
e:\users\tom\documents\github\3d_glfw_renderer\3drenderer\debug\3drenderer.tlog\link.read.1.tlog
e:\users\tom\documents\github\3d_glfw_renderer\3drenderer\debug\3drenderer.tlog\link.write.1.tlog
